2026-03-28 21:35:37,341 [INFO] [RequestID: httpx] HTTP Request: GET http://testserver/ "HTTP/1.1 200 OK"
2026-03-28 21:35:37,694 [ERROR] [RequestID: MontainAPI] ERROR CRÍTICO en /auth/login: Command find requires authentication, full error: {'ok': 0.0, 'errmsg': 'Command find requires authentication', 'code': 13, 'codeName': 'Unauthorized', '$clusterTime': {'clusterTime': Timestamp(1774748130, 1), 'signature': {'hash': b'\x02\xbby\x99\x0b\x80\xa8=\xd2G\xb7\x85\x88\x10M\xd1\x08-y\x08', 'keyId': 7607947687647772678}}, 'operationTime': Timestamp(1774748130, 1)}
Traceback (most recent call last):
  File "/home/juanhp324/Proyectos/MontainAPI/.venv/lib/python3.13/site-packages/starlette/middleware/errors.py", line 164, in __call__
    await self.app(scope, receive, _send)
  File "/home/juanhp324/Proyectos/MontainAPI/.venv/lib/python3.13/site-packages/starlette/middleware/cors.py", line 88, in __call__
    await self.app(scope, receive, send)
  File "/home/juanhp324/Proyectos/MontainAPI/.venv/lib/python3.13/site-packages/starlette/middleware/exceptions.py", line 63, in __call__
    await wrap_app_handling_exceptions(self.app, conn)(scope, receive, send)
  File "/home/juanhp324/Proyectos/MontainAPI/.venv/lib/python3.13/site-packages/starlette/_exception_handler.py", line 53, in wrapped_app
    raise exc
  File "/home/juanhp324/Proyectos/MontainAPI/.venv/lib/python3.13/site-packages/starlette/_exception_handler.py", line 42, in wrapped_app
    await app(scope, receive, sender)
  File "/home/juanhp324/Proyectos/MontainAPI/.venv/lib/python3.13/site-packages/fastapi/middleware/asyncexitstack.py", line 18, in __call__
    await self.app(scope, receive, send)
  File "/home/juanhp324/Proyectos/MontainAPI/.venv/lib/python3.13/site-packages/starlette/routing.py", line 660, in __call__
    await self.middleware_stack(scope, receive, send)
  File "/home/juanhp324/Proyectos/MontainAPI/.venv/lib/python3.13/site-packages/starlette/routing.py", line 680, in app
    await route.handle(scope, receive, send)
  File "/home/juanhp324/Proyectos/MontainAPI/.venv/lib/python3.13/site-packages/starlette/routing.py", line 276, in handle
    await self.app(scope, receive, send)
  File "/home/juanhp324/Proyectos/MontainAPI/.venv/lib/python3.13/site-packages/fastapi/routing.py", line 134, in app
    await wrap_app_handling_exceptions(app, request)(scope, receive, send)
  File "/home/juanhp324/Proyectos/MontainAPI/.venv/lib/python3.13/site-packages/starlette/_exception_handler.py", line 53, in wrapped_app
    raise exc
  File "/home/juanhp324/Proyectos/MontainAPI/.venv/lib/python3.13/site-packages/starlette/_exception_handler.py", line 42, in wrapped_app
    await app(scope, receive, sender)
  File "/home/juanhp324/Proyectos/MontainAPI/.venv/lib/python3.13/site-packages/fastapi/routing.py", line 120, in app
    response = await f(request)
               ^^^^^^^^^^^^^^^^
  File "/home/juanhp324/Proyectos/MontainAPI/.venv/lib/python3.13/site-packages/fastapi/routing.py", line 674, in app
    raw_response = await run_endpoint_function(
                   ^^^^^^^^^^^^^^^^^^^^^^^^^^^^
    ...<3 lines>...
    )
    ^
  File "/home/juanhp324/Proyectos/MontainAPI/.venv/lib/python3.13/site-packages/fastapi/routing.py", line 330, in run_endpoint_function
    return await run_in_threadpool(dependant.call, **values)
           ^^^^^^^^^^^^^^^^^^^^^^^^^^^^^^^^^^^^^^^^^^^^^^^^^
  File "/home/juanhp324/Proyectos/MontainAPI/.venv/lib/python3.13/site-packages/starlette/concurrency.py", line 32, in run_in_threadpool
    return await anyio.to_thread.run_sync(func)
           ^^^^^^^^^^^^^^^^^^^^^^^^^^^^^^^^^^^^
  File "/home/juanhp324/Proyectos/MontainAPI/.venv/lib/python3.13/site-packages/anyio/to_thread.py", line 63, in run_sync
    return await get_async_backend().run_sync_in_worker_thread(
           ^^^^^^^^^^^^^^^^^^^^^^^^^^^^^^^^^^^^^^^^^^^^^^^^^^^^
        func, args, abandon_on_cancel=abandon_on_cancel, limiter=limiter
        ^^^^^^^^^^^^^^^^^^^^^^^^^^^^^^^^^^^^^^^^^^^^^^^^^^^^^^^^^^^^^^^^
    )
    ^
  File "/home/juanhp324/Proyectos/MontainAPI/.venv/lib/python3.13/site-packages/anyio/_backends/_asyncio.py", line 2518, in run_sync_in_worker_thread
    return await future
           ^^^^^^^^^^^^
  File "/home/juanhp324/Proyectos/MontainAPI/.venv/lib/python3.13/site-packages/anyio/_backends/_asyncio.py", line 1002, in run
    result = context.run(func, *args)
  File "/home/juanhp324/Proyectos/MontainAPI/.venv/lib/python3.13/site-packages/slowapi/extension.py", line 766, in sync_wrapper
    response = func(*args, **kwargs)
  File "/home/juanhp324/Proyectos/MontainAPI/application/routes/RAuth.py", line 11, in login_endpoint
    return validate_and_login(payload)
  File "/home/juanhp324/Proyectos/MontainAPI/application/services/SAuth.py", line 8, in validate_and_login
    user = search_user_by_email(user_data.email)
  File "/home/juanhp324/Proyectos/MontainAPI/.venv/lib/python3.13/site-packages/circuitbreaker.py", line 146, in wrapper
    return self.call(function, *args, **kwargs)
           ~~~~~~~~~^^^^^^^^^^^^^^^^^^^^^^^^^^^
  File "/home/juanhp324/Proyectos/MontainAPI/.venv/lib/python3.13/site-packages/circuitbreaker.py", line 188, in call
    return func(*args, **kwargs)
  File "/home/juanhp324/Proyectos/MontainAPI/application/database/DAuth.py", line 6, in search_user_by_email
    user = users_col.find_one({"email": email})
  File "/home/juanhp324/Proyectos/MontainAPI/.venv/lib/python3.13/site-packages/pymongo/synchronous/collection.py", line 1755, in find_one
    for result in cursor.limit(-1):
                  ~~~~~~~~~~~~^^^^
  File "/home/juanhp324/Proyectos/MontainAPI/.venv/lib/python3.13/site-packages/pymongo/synchronous/cursor.py", line 1289, in __next__
    return self.next()
           ~~~~~~~~~^^
  File "/home/juanhp324/Proyectos/MontainAPI/.venv/lib/python3.13/site-packages/pymongo/synchronous/cursor.py", line 1265, in next
    if len(self._data) or self._refresh():
                          ~~~~~~~~~~~~~^^
  File "/home/juanhp324/Proyectos/MontainAPI/.venv/lib/python3.13/site-packages/pymongo/synchronous/cursor.py", line 1213, in _refresh
    self._send_message(q)
    ~~~~~~~~~~~~~~~~~~^^^
  File "/home/juanhp324/Proyectos/MontainAPI/.venv/lib/python3.13/site-packages/pymongo/synchronous/cursor.py", line 1108, in _send_message
    response = client._run_operation(
        operation, self._unpack_response, address=self._address
    )
  File "/home/juanhp324/Proyectos/MontainAPI/.venv/lib/python3.13/site-packages/pymongo/_csot.py", line 125, in csot_wrapper
    return func(self, *args, **kwargs)
  File "/home/juanhp324/Proyectos/MontainAPI/.venv/lib/python3.13/site-packages/pymongo/synchronous/mongo_client.py", line 1938, in _run_operation
    return self._retryable_read(
           ~~~~~~~~~~~~~~~~~~~~^
        _cmd,
        ^^^^^
    ...<4 lines>...
        operation=operation.name,
        ^^^^^^^^^^^^^^^^^^^^^^^^^
    )
    ^
  File "/home/juanhp324/Proyectos/MontainAPI/.venv/lib/python3.13/site-packages/pymongo/synchronous/mongo_client.py", line 2048, in _retryable_read
    return self._retry_internal(
           ~~~~~~~~~~~~~~~~~~~~^
        func,
        ^^^^^
    ...<7 lines>...
        operation_id=operation_id,
        ^^^^^^^^^^^^^^^^^^^^^^^^^^
    )
    ^
  File "/home/juanhp324/Proyectos/MontainAPI/.venv/lib/python3.13/site-packages/pymongo/_csot.py", line 125, in csot_wrapper
    return func(self, *args, **kwargs)
  File "/home/juanhp324/Proyectos/MontainAPI/.venv/lib/python3.13/site-packages/pymongo/synchronous/mongo_client.py", line 2014, in _retry_internal
    ).run()
      ~~~^^
  File "/home/juanhp324/Proyectos/MontainAPI/.venv/lib/python3.13/site-packages/pymongo/synchronous/mongo_client.py", line 2763, in run
    return self._read() if self._is_read else self._write()
           ~~~~~~~~~~^^
  File "/home/juanhp324/Proyectos/MontainAPI/.venv/lib/python3.13/site-packages/pymongo/synchronous/mongo_client.py", line 2924, in _read
    return self._func(self._session, self._server, conn, read_pref)  # type: ignore
           ~~~~~~~~~~^^^^^^^^^^^^^^^^^^^^^^^^^^^^^^^^^^^^^^^^^^^^^^
  File "/home/juanhp324/Proyectos/MontainAPI/.venv/lib/python3.13/site-packages/pymongo/synchronous/mongo_client.py", line 1929, in _cmd
    return server.run_operation(
           ~~~~~~~~~~~~~~~~~~~~^
        conn,
        ^^^^^
    ...<4 lines>...
        self,
        ^^^^^
    )
    ^
  File "/home/juanhp324/Proyectos/MontainAPI/.venv/lib/python3.13/site-packages/pymongo/synchronous/helpers.py", line 47, in inner
    return func(*args, **kwargs)
  File "/home/juanhp324/Proyectos/MontainAPI/.venv/lib/python3.13/site-packages/pymongo/synchronous/server.py", line 227, in run_operation
    _check_command_response(first, conn.max_wire_version, pool_opts=conn.opts)  # type:ignore[has-type]
    ~~~~~~~~~~~~~~~~~~~~~~~^^^^^^^^^^^^^^^^^^^^^^^^^^^^^^^^^^^^^^^^^^^^^^^^^^^
  File "/home/juanhp324/Proyectos/MontainAPI/.venv/lib/python3.13/site-packages/pymongo/helpers_shared.py", line 284, in _check_command_response
    raise OperationFailure(errmsg, code, response, max_wire_version)
pymongo.errors.OperationFailure: Command find requires authentication, full error: {'ok': 0.0, 'errmsg': 'Command find requires authentication', 'code': 13, 'codeName': 'Unauthorized', '$clusterTime': {'clusterTime': Timestamp(1774748130, 1), 'signature': {'hash': b'\x02\xbby\x99\x0b\x80\xa8=\xd2G\xb7\x85\x88\x10M\xd1\x08-y\x08', 'keyId': 7607947687647772678}}, 'operationTime': Timestamp(1774748130, 1)}
2026-03-28 21:35:38,704 [ERROR] [RequestID: MontainAPI] ERROR CRÍTICO en /booking/create: Command insert requires authentication, full error: {'ok': 0.0, 'errmsg': 'Command insert requires authentication', 'code': 13, 'codeName': 'Unauthorized', '$clusterTime': {'clusterTime': Timestamp(1774748130, 1), 'signature': {'hash': b'\x02\xbby\x99\x0b\x80\xa8=\xd2G\xb7\x85\x88\x10M\xd1\x08-y\x08', 'keyId': 7607947687647772678}}, 'operationTime': Timestamp(1774748130, 1)}
Traceback (most recent call last):
  File "/home/juanhp324/Proyectos/MontainAPI/.venv/lib/python3.13/site-packages/starlette/middleware/errors.py", line 164, in __call__
    await self.app(scope, receive, _send)
  File "/home/juanhp324/Proyectos/MontainAPI/.venv/lib/python3.13/site-packages/starlette/middleware/cors.py", line 88, in __call__
    await self.app(scope, receive, send)
  File "/home/juanhp324/Proyectos/MontainAPI/.venv/lib/python3.13/site-packages/starlette/middleware/exceptions.py", line 63, in __call__
    await wrap_app_handling_exceptions(self.app, conn)(scope, receive, send)
  File "/home/juanhp324/Proyectos/MontainAPI/.venv/lib/python3.13/site-packages/starlette/_exception_handler.py", line 53, in wrapped_app
    raise exc
  File "/home/juanhp324/Proyectos/MontainAPI/.venv/lib/python3.13/site-packages/starlette/_exception_handler.py", line 42, in wrapped_app
    await app(scope, receive, sender)
  File "/home/juanhp324/Proyectos/MontainAPI/.venv/lib/python3.13/site-packages/fastapi/middleware/asyncexitstack.py", line 18, in __call__
    await self.app(scope, receive, send)
  File "/home/juanhp324/Proyectos/MontainAPI/.venv/lib/python3.13/site-packages/starlette/routing.py", line 660, in __call__
    await self.middleware_stack(scope, receive, send)
  File "/home/juanhp324/Proyectos/MontainAPI/.venv/lib/python3.13/site-packages/starlette/routing.py", line 680, in app
    await route.handle(scope, receive, send)
  File "/home/juanhp324/Proyectos/MontainAPI/.venv/lib/python3.13/site-packages/starlette/routing.py", line 276, in handle
    await self.app(scope, receive, send)
  File "/home/juanhp324/Proyectos/MontainAPI/.venv/lib/python3.13/site-packages/fastapi/routing.py", line 134, in app
    await wrap_app_handling_exceptions(app, request)(scope, receive, send)
  File "/home/juanhp324/Proyectos/MontainAPI/.venv/lib/python3.13/site-packages/starlette/_exception_handler.py", line 53, in wrapped_app
    raise exc
  File "/home/juanhp324/Proyectos/MontainAPI/.venv/lib/python3.13/site-packages/starlette/_exception_handler.py", line 42, in wrapped_app
    await app(scope, receive, sender)
  File "/home/juanhp324/Proyectos/MontainAPI/.venv/lib/python3.13/site-packages/fastapi/routing.py", line 120, in app
    response = await f(request)
               ^^^^^^^^^^^^^^^^
  File "/home/juanhp324/Proyectos/MontainAPI/.venv/lib/python3.13/site-packages/fastapi/routing.py", line 674, in app
    raw_response = await run_endpoint_function(
                   ^^^^^^^^^^^^^^^^^^^^^^^^^^^^
    ...<3 lines>...
    )
    ^
  File "/home/juanhp324/Proyectos/MontainAPI/.venv/lib/python3.13/site-packages/fastapi/routing.py", line 330, in run_endpoint_function
    return await run_in_threadpool(dependant.call, **values)
           ^^^^^^^^^^^^^^^^^^^^^^^^^^^^^^^^^^^^^^^^^^^^^^^^^
  File "/home/juanhp324/Proyectos/MontainAPI/.venv/lib/python3.13/site-packages/starlette/concurrency.py", line 32, in run_in_threadpool
    return await anyio.to_thread.run_sync(func)
           ^^^^^^^^^^^^^^^^^^^^^^^^^^^^^^^^^^^^
  File "/home/juanhp324/Proyectos/MontainAPI/.venv/lib/python3.13/site-packages/anyio/to_thread.py", line 63, in run_sync
    return await get_async_backend().run_sync_in_worker_thread(
           ^^^^^^^^^^^^^^^^^^^^^^^^^^^^^^^^^^^^^^^^^^^^^^^^^^^^
        func, args, abandon_on_cancel=abandon_on_cancel, limiter=limiter
        ^^^^^^^^^^^^^^^^^^^^^^^^^^^^^^^^^^^^^^^^^^^^^^^^^^^^^^^^^^^^^^^^
    )
    ^
  File "/home/juanhp324/Proyectos/MontainAPI/.venv/lib/python3.13/site-packages/anyio/_backends/_asyncio.py", line 2518, in run_sync_in_worker_thread
    return await future
           ^^^^^^^^^^^^
  File "/home/juanhp324/Proyectos/MontainAPI/.venv/lib/python3.13/site-packages/anyio/_backends/_asyncio.py", line 1002, in run
    result = context.run(func, *args)
  File "/home/juanhp324/Proyectos/MontainAPI/application/routes/RBooking.py", line 14, in create_reservation
    result = process_reservation(payload)
  File "/home/juanhp324/Proyectos/MontainAPI/application/services/SBooking.py", line 29, in process_reservation
    return save_reservation(reserva_final)
  File "/home/juanhp324/Proyectos/MontainAPI/.venv/lib/python3.13/site-packages/circuitbreaker.py", line 146, in wrapper
    return self.call(function, *args, **kwargs)
           ~~~~~~~~~^^^^^^^^^^^^^^^^^^^^^^^^^^^
  File "/home/juanhp324/Proyectos/MontainAPI/.venv/lib/python3.13/site-packages/circuitbreaker.py", line 188, in call
    return func(*args, **kwargs)
  File "/home/juanhp324/Proyectos/MontainAPI/application/database/DBooking.py", line 8, in save_reservation
    result = bookings_col.insert_one(new_reservation)
  File "/home/juanhp324/Proyectos/MontainAPI/.venv/lib/python3.13/site-packages/pymongo/synchronous/collection.py", line 891, in insert_one
    self._insert_one(
    ~~~~~~~~~~~~~~~~^
        document,
        ^^^^^^^^^
    ...<5 lines>...
        comment=comment,
        ^^^^^^^^^^^^^^^^
    ),
    ^
  File "/home/juanhp324/Proyectos/MontainAPI/.venv/lib/python3.13/site-packages/pymongo/synchronous/collection.py", line 831, in _insert_one
    self._database.client._retryable_write(
    ~~~~~~~~~~~~~~~~~~~~~~~~~~~~~~~~~~~~~~^
        acknowledged, _insert_command, session, operation=_Op.INSERT
        ^^^^^^^^^^^^^^^^^^^^^^^^^^^^^^^^^^^^^^^^^^^^^^^^^^^^^^^^^^^^
    )
    ^
  File "/home/juanhp324/Proyectos/MontainAPI/.venv/lib/python3.13/site-packages/pymongo/synchronous/mongo_client.py", line 2083, in _retryable_write
    return self._retry_with_session(retryable, func, s, bulk, operation, operation_id)
           ~~~~~~~~~~~~~~~~~~~~~~~~^^^^^^^^^^^^^^^^^^^^^^^^^^^^^^^^^^^^^^^^^^^^^^^^^^^
  File "/home/juanhp324/Proyectos/MontainAPI/.venv/lib/python3.13/site-packages/pymongo/synchronous/mongo_client.py", line 1968, in _retry_with_session
    return self._retry_internal(
           ~~~~~~~~~~~~~~~~~~~~^
        func=func,
        ^^^^^^^^^^
    ...<4 lines>...
        operation_id=operation_id,
        ^^^^^^^^^^^^^^^^^^^^^^^^^^
    )
    ^
  File "/home/juanhp324/Proyectos/MontainAPI/.venv/lib/python3.13/site-packages/pymongo/_csot.py", line 125, in csot_wrapper
    return func(self, *args, **kwargs)
  File "/home/juanhp324/Proyectos/MontainAPI/.venv/lib/python3.13/site-packages/pymongo/synchronous/mongo_client.py", line 2014, in _retry_internal
    ).run()
      ~~~^^
  File "/home/juanhp324/Proyectos/MontainAPI/.venv/lib/python3.13/site-packages/pymongo/synchronous/mongo_client.py", line 2763, in run
    return self._read() if self._is_read else self._write()
                                              ~~~~~~~~~~~^^
  File "/home/juanhp324/Proyectos/MontainAPI/.venv/lib/python3.13/site-packages/pymongo/synchronous/mongo_client.py", line 2895, in _write
    return self._func(self._session, conn, self._retryable)  # type: ignore
           ~~~~~~~~~~^^^^^^^^^^^^^^^^^^^^^^^^^^^^^^^^^^^^^^
  File "/home/juanhp324/Proyectos/MontainAPI/.venv/lib/python3.13/site-packages/pymongo/synchronous/collection.py", line 819, in _insert_command
    result = conn.command(
        self._database.name,
    ...<5 lines>...
        retryable_write=retryable_write,
    )
  File "/home/juanhp324/Proyectos/MontainAPI/.venv/lib/python3.13/site-packages/pymongo/synchronous/helpers.py", line 47, in inner
    return func(*args, **kwargs)
  File "/home/juanhp324/Proyectos/MontainAPI/.venv/lib/python3.13/site-packages/pymongo/synchronous/pool.py", line 398, in command
    return command(
        self,
    ...<20 lines>...
        write_concern=write_concern,
    )
  File "/home/juanhp324/Proyectos/MontainAPI/.venv/lib/python3.13/site-packages/pymongo/synchronous/network.py", line 212, in command
    helpers_shared._check_command_response(
    ~~~~~~~~~~~~~~~~~~~~~~~~~~~~~~~~~~~~~~^
        response_doc,
        ^^^^^^^^^^^^^
    ...<2 lines>...
        parse_write_concern_error=parse_write_concern_error,
        ^^^^^^^^^^^^^^^^^^^^^^^^^^^^^^^^^^^^^^^^^^^^^^^^^^^^
    )
    ^
  File "/home/juanhp324/Proyectos/MontainAPI/.venv/lib/python3.13/site-packages/pymongo/helpers_shared.py", line 284, in _check_command_response
    raise OperationFailure(errmsg, code, response, max_wire_version)
pymongo.errors.OperationFailure: Command insert requires authentication, full error: {'ok': 0.0, 'errmsg': 'Command insert requires authentication', 'code': 13, 'codeName': 'Unauthorized', '$clusterTime': {'clusterTime': Timestamp(1774748130, 1), 'signature': {'hash': b'\x02\xbby\x99\x0b\x80\xa8=\xd2G\xb7\x85\x88\x10M\xd1\x08-y\x08', 'keyId': 7607947687647772678}}, 'operationTime': Timestamp(1774748130, 1)}
2026-03-28 21:35:39,341 [INFO] [RequestID: httpx] HTTP Request: POST http://testserver/booking/create "HTTP/1.1 401 Unauthorized"
2026-03-28 21:35:39,350 [INFO] [RequestID: httpx] HTTP Request: GET http://testserver/booking/admin/manage/all "HTTP/1.1 403 Forbidden"
2026-03-28 21:35:39,358 [INFO] [RequestID: httpx] HTTP Request: GET http://testserver/ "HTTP/1.1 200 OK"
2026-03-28 21:35:39,360 [INFO] [RequestID: httpx] HTTP Request: GET http://testserver/ "HTTP/1.1 200 OK"
2026-03-28 21:35:39,367 [INFO] [RequestID: httpx] HTTP Request: GET http://testserver/ "HTTP/1.1 200 OK"
2026-03-28 21:35:39,370 [INFO] [RequestID: httpx] HTTP Request: GET http://testserver/ "HTTP/1.1 200 OK"
2026-03-28 21:35:39,372 [INFO] [RequestID: httpx] HTTP Request: GET http://testserver/ "HTTP/1.1 200 OK"
2026-03-28 21:35:39,374 [INFO] [RequestID: httpx] HTTP Request: POST http://testserver/auth/login "HTTP/1.1 422 Unprocessable Entity"
2026-03-28 21:35:39,377 [INFO] [RequestID: httpx] HTTP Request: POST http://testserver/auth/login "HTTP/1.1 422 Unprocessable Entity"
2026-03-28 21:35:39,382 [INFO] [RequestID: httpx] HTTP Request: POST http://testserver/auth/login "HTTP/1.1 422 Unprocessable Entity"
2026-03-28 21:35:39,386 [INFO] [RequestID: httpx] HTTP Request: POST http://testserver/auth/login "HTTP/1.1 422 Unprocessable Entity"
2026-03-28 21:35:39,388 [INFO] [RequestID: httpx] HTTP Request: POST http://testserver/auth/login "HTTP/1.1 422 Unprocessable Entity"
2026-03-28 21:35:39,391 [INFO] [RequestID: httpx] HTTP Request: POST http://testserver/auth/login "HTTP/1.1 422 Unprocessable Entity"
